1662122934.662168 client started (35787): version 3.3a, socket /private/tmp/tmux-501/default, protocol 8
1662122934.662315 on Darwin 21.2.0 Darwin Kernel Version 21.2.0: Sun Nov 28 20:28:41 PST 2021; root:xnu-8019.61.5~1/RELEASE_ARM64_T6000
1662122934.662361 using libevent 2.1.12-stable (select); utf8proc 2.7.0; ncurses 6.3
1662122934.662400 flags are 0x18010000
1662122934.662431 socket is /private/tmp/tmux-501/default
1662122934.662465 trying connect
1662122934.662506 connect failed: No such file or directory
1662122934.662526 lock file is /private/tmp/tmux-501/default.lock
1662122934.662620 flock succeeded
1662122934.662632 got lock (6)
1662122934.662643 trying connect
1662122934.662663 connect failed: No such file or directory
1662122934.663015 add peer 0x128028000: 7 (0x0)
1662122934.665892 sending message 100 to peer 0x128028000 (4 bytes)
1662122934.665914 sending message 111 to peer 0x128028000 (8 bytes)
1662122934.665927 sending message 101 to peer 0x128028000 (15 bytes)
1662122934.665939 sending message 109 to peer 0x128028000 (4 bytes)
1662122934.665949 sending message 102 to peer 0x128028000 (13 bytes)
1662122934.665959 sending message 108 to peer 0x128028000 (41 bytes)
1662122934.665973 sending message 112 to peer 0x128028000 (58 bytes)
1662122934.665983 sending message 112 to peer 0x128028000 (5 bytes)
1662122934.665994 sending message 112 to peer 0x128028000 (5 bytes)
1662122934.666004 sending message 112 to peer 0x128028000 (6 bytes)
1662122934.666018 sending message 112 to peer 0x128028000 (6 bytes)
1662122934.666030 sending message 112 to peer 0x128028000 (11 bytes)
1662122934.666040 sending message 112 to peer 0x128028000 (10 bytes)
1662122934.666051 sending message 112 to peer 0x128028000 (13 bytes)
1662122934.666061 sending message 112 to peer 0x128028000 (14 bytes)
1662122934.666070 sending message 112 to peer 0x128028000 (19 bytes)
1662122934.666081 sending message 112 to peer 0x128028000 (11 bytes)
1662122934.666091 sending message 112 to peer 0x128028000 (10 bytes)
1662122934.666102 sending message 112 to peer 0x128028000 (15 bytes)
1662122934.666111 sending message 112 to peer 0x128028000 (21 bytes)
1662122934.666120 sending message 112 to peer 0x128028000 (13 bytes)
1662122934.666130 sending message 112 to peer 0x128028000 (7 bytes)
1662122934.666141 sending message 112 to peer 0x128028000 (13 bytes)
1662122934.666153 sending message 112 to peer 0x128028000 (7 bytes)
1662122934.666163 sending message 112 to peer 0x128028000 (13 bytes)
1662122934.666175 sending message 112 to peer 0x128028000 (9 bytes)
1662122934.666187 sending message 112 to peer 0x128028000 (21 bytes)
1662122934.666198 sending message 112 to peer 0x128028000 (13 bytes)
1662122934.666211 sending message 112 to peer 0x128028000 (9 bytes)
1662122934.666222 sending message 112 to peer 0x128028000 (16 bytes)
1662122934.666233 sending message 112 to peer 0x128028000 (13 bytes)
1662122934.666244 sending message 112 to peer 0x128028000 (9 bytes)
1662122934.666257 sending message 112 to peer 0x128028000 (9 bytes)
1662122934.666269 sending message 112 to peer 0x128028000 (12 bytes)
1662122934.666282 sending message 112 to peer 0x128028000 (8 bytes)
1662122934.666291 sending message 112 to peer 0x128028000 (8 bytes)
1662122934.666303 sending message 112 to peer 0x128028000 (13 bytes)
1662122934.666315 sending message 112 to peer 0x128028000 (7 bytes)
1662122934.666324 sending message 112 to peer 0x128028000 (7 bytes)
1662122934.666336 sending message 112 to peer 0x128028000 (9 bytes)
1662122934.666347 sending message 112 to peer 0x128028000 (9 bytes)
1662122934.666357 sending message 112 to peer 0x128028000 (15 bytes)
1662122934.666370 sending message 112 to peer 0x128028000 (13 bytes)
1662122934.666381 sending message 112 to peer 0x128028000 (12 bytes)
1662122934.666393 sending message 112 to peer 0x128028000 (8 bytes)
1662122934.666405 sending message 112 to peer 0x128028000 (14 bytes)
1662122934.666416 sending message 112 to peer 0x128028000 (11 bytes)
1662122934.666428 sending message 112 to peer 0x128028000 (9 bytes)
1662122934.666439 sending message 112 to peer 0x128028000 (10 bytes)
1662122934.666467 sending message 112 to peer 0x128028000 (10 bytes)
1662122934.666475 sending message 112 to peer 0x128028000 (10 bytes)
1662122934.666483 sending message 112 to peer 0x128028000 (10 bytes)
1662122934.666490 sending message 112 to peer 0x128028000 (11 bytes)
1662122934.666497 sending message 112 to peer 0x128028000 (12 bytes)
1662122934.666503 sending message 112 to peer 0x128028000 (12 bytes)
1662122934.666513 sending message 112 to peer 0x128028000 (12 bytes)
1662122934.666519 sending message 112 to peer 0x128028000 (12 bytes)
1662122934.666526 sending message 112 to peer 0x128028000 (12 bytes)
1662122934.666533 sending message 112 to peer 0x128028000 (11 bytes)
1662122934.666540 sending message 112 to peer 0x128028000 (11 bytes)
1662122934.666547 sending message 112 to peer 0x128028000 (12 bytes)
1662122934.666555 sending message 112 to peer 0x128028000 (12 bytes)
1662122934.666563 sending message 112 to peer 0x128028000 (12 bytes)
1662122934.666571 sending message 112 to peer 0x128028000 (12 bytes)
1662122934.666581 sending message 112 to peer 0x128028000 (12 bytes)
1662122934.666590 sending message 112 to peer 0x128028000 (9 bytes)
1662122934.666599 sending message 112 to peer 0x128028000 (12 bytes)
1662122934.666607 sending message 112 to peer 0x128028000 (13 bytes)
1662122934.666616 sending message 112 to peer 0x128028000 (13 bytes)
1662122934.666622 sending message 112 to peer 0x128028000 (13 bytes)
1662122934.666629 sending message 112 to peer 0x128028000 (13 bytes)
1662122934.666636 sending message 112 to peer 0x128028000 (13 bytes)
1662122934.666644 sending message 112 to peer 0x128028000 (8 bytes)
1662122934.666653 sending message 112 to peer 0x128028000 (11 bytes)
1662122934.666662 sending message 112 to peer 0x128028000 (11 bytes)
1662122934.666670 sending message 112 to peer 0x128028000 (11 bytes)
1662122934.666677 sending message 112 to peer 0x128028000 (12 bytes)
1662122934.666684 sending message 112 to peer 0x128028000 (12 bytes)
1662122934.666690 sending message 112 to peer 0x128028000 (12 bytes)
1662122934.666698 sending message 112 to peer 0x128028000 (12 bytes)
1662122934.666705 sending message 112 to peer 0x128028000 (13 bytes)
1662122934.666713 sending message 112 to peer 0x128028000 (13 bytes)
1662122934.666720 sending message 112 to peer 0x128028000 (13 bytes)
1662122934.666727 sending message 112 to peer 0x128028000 (8 bytes)
1662122934.666735 sending message 112 to peer 0x128028000 (13 bytes)
1662122934.666743 sending message 112 to peer 0x128028000 (13 bytes)
1662122934.666751 sending message 112 to peer 0x128028000 (13 bytes)
1662122934.666758 sending message 112 to peer 0x128028000 (13 bytes)
1662122934.666766 sending message 112 to peer 0x128028000 (13 bytes)
1662122934.666777 sending message 112 to peer 0x128028000 (12 bytes)
1662122934.666785 sending message 112 to peer 0x128028000 (12 bytes)
1662122934.666793 sending message 112 to peer 0x128028000 (12 bytes)
1662122934.666803 sending message 112 to peer 0x128028000 (12 bytes)
1662122934.666813 sending message 112 to peer 0x128028000 (13 bytes)
1662122934.666820 sending message 112 to peer 0x128028000 (8 bytes)
1662122934.666828 sending message 112 to peer 0x128028000 (13 bytes)
1662122934.666835 sending message 112 to peer 0x128028000 (13 bytes)
1662122934.666842 sending message 112 to peer 0x128028000 (13 bytes)
1662122934.666849 sending message 112 to peer 0x128028000 (13 bytes)
1662122934.666858 sending message 112 to peer 0x128028000 (13 bytes)
1662122934.666867 sending message 112 to peer 0x128028000 (13 bytes)
1662122934.666875 sending message 112 to peer 0x128028000 (13 bytes)
1662122934.666882 sending message 112 to peer 0x128028000 (12 bytes)
1662122934.666889 sending message 112 to peer 0x128028000 (12 bytes)
1662122934.666894 sending message 112 to peer 0x128028000 (12 bytes)
1662122934.666902 sending message 112 to peer 0x128028000 (8 bytes)
1662122934.666909 sending message 112 to peer 0x128028000 (12 bytes)
1662122934.666917 sending message 112 to peer 0x128028000 (13 bytes)
1662122934.666940 sending message 112 to peer 0x128028000 (13 bytes)
1662122934.666948 sending message 112 to peer 0x128028000 (13 bytes)
1662122934.666956 sending message 112 to peer 0x128028000 (13 bytes)
1662122934.666963 sending message 112 to peer 0x128028000 (13 bytes)
1662122934.666970 sending message 112 to peer 0x128028000 (13 bytes)
1662122934.666977 sending message 112 to peer 0x128028000 (13 bytes)
1662122934.666984 sending message 112 to peer 0x128028000 (13 bytes)
1662122934.666992 sending message 112 to peer 0x128028000 (12 bytes)
1662122934.666998 sending message 112 to peer 0x128028000 (10 bytes)
1662122934.667007 sending message 112 to peer 0x128028000 (12 bytes)
1662122934.667015 sending message 112 to peer 0x128028000 (12 bytes)
1662122934.667023 sending message 112 to peer 0x128028000 (12 bytes)
1662122934.667030 sending message 112 to peer 0x128028000 (13 bytes)
1662122934.667037 sending message 112 to peer 0x128028000 (13 bytes)
1662122934.667044 sending message 112 to peer 0x128028000 (13 bytes)
1662122934.667051 sending message 112 to peer 0x128028000 (13 bytes)
1662122934.667059 sending message 112 to peer 0x128028000 (13 bytes)
1662122934.667066 sending message 112 to peer 0x128028000 (13 bytes)
1662122934.667074 sending message 112 to peer 0x128028000 (13 bytes)
1662122934.667081 sending message 112 to peer 0x128028000 (10 bytes)
1662122934.667088 sending message 112 to peer 0x128028000 (13 bytes)
1662122934.667096 sending message 112 to peer 0x128028000 (12 bytes)
1662122934.667103 sending message 112 to peer 0x128028000 (12 bytes)
1662122934.667110 sending message 112 to peer 0x128028000 (12 bytes)
1662122934.667120 sending message 112 to peer 0x128028000 (10 bytes)
1662122934.667128 sending message 112 to peer 0x128028000 (10 bytes)
1662122934.667138 sending message 112 to peer 0x128028000 (10 bytes)
1662122934.667148 sending message 112 to peer 0x128028000 (12 bytes)
1662122934.667156 sending message 112 to peer 0x128028000 (13 bytes)
1662122934.667164 sending message 112 to peer 0x128028000 (13 bytes)
1662122934.667172 sending message 112 to peer 0x128028000 (13 bytes)
1662122934.667180 sending message 112 to peer 0x128028000 (13 bytes)
1662122934.667188 sending message 112 to peer 0x128028000 (13 bytes)
1662122934.667195 sending message 112 to peer 0x128028000 (10 bytes)
1662122934.667217 sending message 112 to peer 0x128028000 (11 bytes)
1662122934.667225 sending message 112 to peer 0x128028000 (12 bytes)
1662122934.667233 sending message 112 to peer 0x128028000 (12 bytes)
1662122934.667241 sending message 112 to peer 0x128028000 (12 bytes)
1662122934.667248 sending message 112 to peer 0x128028000 (12 bytes)
1662122934.667255 sending message 112 to peer 0x128028000 (12 bytes)
1662122934.667265 sending message 112 to peer 0x128028000 (11 bytes)
1662122934.667272 sending message 112 to peer 0x128028000 (12 bytes)
1662122934.667280 sending message 112 to peer 0x128028000 (12 bytes)
1662122934.667289 sending message 112 to peer 0x128028000 (13 bytes)
1662122934.667296 sending message 112 to peer 0x128028000 (13 bytes)
1662122934.667303 sending message 112 to peer 0x128028000 (13 bytes)
1662122934.667312 sending message 112 to peer 0x128028000 (13 bytes)
1662122934.667323 sending message 112 to peer 0x128028000 (13 bytes)
1662122934.667332 sending message 112 to peer 0x128028000 (10 bytes)
1662122934.667342 sending message 112 to peer 0x128028000 (9 bytes)
1662122934.667352 sending message 112 to peer 0x128028000 (12 bytes)
1662122934.667359 sending message 112 to peer 0x128028000 (13 bytes)
1662122934.667367 sending message 112 to peer 0x128028000 (13 bytes)
1662122934.667376 sending message 112 to peer 0x128028000 (13 bytes)
1662122934.667385 sending message 112 to peer 0x128028000 (13 bytes)
1662122934.667395 sending message 112 to peer 0x128028000 (13 bytes)
1662122934.667403 sending message 112 to peer 0x128028000 (9 bytes)
1662122934.667412 sending message 112 to peer 0x128028000 (12 bytes)
1662122934.667421 sending message 112 to peer 0x128028000 (13 bytes)
1662122934.667429 sending message 112 to peer 0x128028000 (13 bytes)
1662122934.667452 sending message 112 to peer 0x128028000 (13 bytes)
1662122934.667461 sending message 112 to peer 0x128028000 (13 bytes)
1662122934.667469 sending message 112 to peer 0x128028000 (13 bytes)
1662122934.667477 sending message 112 to peer 0x128028000 (11 bytes)
1662122934.667487 sending message 112 to peer 0x128028000 (12 bytes)
1662122934.667495 sending message 112 to peer 0x128028000 (13 bytes)
1662122934.667502 sending message 112 to peer 0x128028000 (13 bytes)
1662122934.667510 sending message 112 to peer 0x128028000 (13 bytes)
1662122934.667517 sending message 112 to peer 0x128028000 (13 bytes)
1662122934.667525 sending message 112 to peer 0x128028000 (13 bytes)
1662122934.667532 sending message 112 to peer 0x128028000 (11 bytes)
1662122934.667539 sending message 112 to peer 0x128028000 (12 bytes)
1662122934.667547 sending message 112 to peer 0x128028000 (12 bytes)
1662122934.667554 sending message 112 to peer 0x128028000 (12 bytes)
1662122934.667561 sending message 112 to peer 0x128028000 (12 bytes)
1662122934.667570 sending message 112 to peer 0x128028000 (12 bytes)
1662122934.667576 sending message 112 to peer 0x128028000 (21 bytes)
1662122934.667585 sending message 112 to peer 0x128028000 (12 bytes)
1662122934.667593 sending message 112 to peer 0x128028000 (9 bytes)
1662122934.667601 sending message 112 to peer 0x128028000 (6 bytes)
1662122934.667610 sending message 112 to peer 0x128028000 (13 bytes)
1662122934.667615 sending message 112 to peer 0x128028000 (10 bytes)
1662122934.667624 sending message 112 to peer 0x128028000 (24 bytes)
1662122934.667631 sending message 112 to peer 0x128028000 (13 bytes)
1662122934.667637 sending message 112 to peer 0x128028000 (9 bytes)
1662122934.667647 sending message 112 to peer 0x128028000 (70 bytes)
1662122934.667653 sending message 112 to peer 0x128028000 (69 bytes)
1662122934.667660 sending message 112 to peer 0x128028000 (12 bytes)
1662122934.667667 sending message 112 to peer 0x128028000 (10 bytes)
1662122934.667675 sending message 112 to peer 0x128028000 (10 bytes)
1662122934.667684 sending message 112 to peer 0x128028000 (24 bytes)
1662122934.667694 sending message 112 to peer 0x128028000 (13 bytes)
1662122934.667701 sending message 112 to peer 0x128028000 (10 bytes)
1662122934.667709 sending message 112 to peer 0x128028000 (10 bytes)
1662122934.667717 sending message 112 to peer 0x128028000 (10 bytes)
1662122934.667727 sending message 112 to peer 0x128028000 (13 bytes)
1662122934.667738 sending message 112 to peer 0x128028000 (15 bytes)
1662122934.667748 sending message 112 to peer 0x128028000 (5 bytes)
1662122934.667759 sending message 104 to peer 0x128028000 (0 bytes)
1662122934.667768 sending message 110 to peer 0x128028000 (0 bytes)
1662122934.667776 sending message 107 to peer 0x128028000 (4 bytes)
1662122934.667783 sending message 105 to peer 0x128028000 (60 bytes)
1662122934.667792 sending message 105 to peer 0x128028000 (66 bytes)
1662122934.667801 sending message 105 to peer 0x128028000 (27 bytes)
1662122934.667810 sending message 105 to peer 0x128028000 (15 bytes)
1662122934.667816 sending message 105 to peer 0x128028000 (22 bytes)
1662122934.667825 sending message 105 to peer 0x128028000 (14 bytes)
1662122934.667833 sending message 105 to peer 0x128028000 (17 bytes)
1662122934.667841 sending message 105 to peer 0x128028000 (45 bytes)
1662122934.667848 sending message 105 to peer 0x128028000 (15 bytes)
1662122934.667856 sending message 105 to peer 0x128028000 (43 bytes)
1662122934.667861 sending message 105 to peer 0x128028000 (23 bytes)
1662122934.667868 sending message 105 to peer 0x128028000 (28 bytes)
1662122934.667875 sending message 105 to peer 0x128028000 (23 bytes)
1662122934.667882 sending message 105 to peer 0x128028000 (504 bytes)
1662122934.667891 sending message 105 to peer 0x128028000 (19 bytes)
1662122934.667900 sending message 105 to peer 0x128028000 (17 bytes)
1662122934.667909 sending message 105 to peer 0x128028000 (20 bytes)
1662122934.667918 sending message 105 to peer 0x128028000 (22 bytes)
1662122934.667944 sending message 105 to peer 0x128028000 (20 bytes)
1662122934.667951 sending message 105 to peer 0x128028000 (32 bytes)
1662122934.667959 sending message 105 to peer 0x128028000 (57 bytes)
1662122934.667966 sending message 105 to peer 0x128028000 (25 bytes)
1662122934.667973 sending message 105 to peer 0x128028000 (19 bytes)
1662122934.667981 sending message 105 to peer 0x128028000 (28 bytes)
1662122934.667989 sending message 105 to peer 0x128028000 (32 bytes)
1662122934.667998 sending message 105 to peer 0x128028000 (61 bytes)
1662122934.668010 sending message 105 to peer 0x128028000 (8 bytes)
1662122934.668018 sending message 105 to peer 0x128028000 (52 bytes)
1662122934.668027 sending message 105 to peer 0x128028000 (30 bytes)
1662122934.668038 sending message 105 to peer 0x128028000 (37 bytes)
1662122934.668047 sending message 105 to peer 0x128028000 (34 bytes)
1662122934.668057 sending message 105 to peer 0x128028000 (34 bytes)
1662122934.668067 sending message 105 to peer 0x128028000 (35 bytes)
1662122934.668075 sending message 105 to peer 0x128028000 (42 bytes)
1662122934.668082 sending message 105 to peer 0x128028000 (11 bytes)
1662122934.668090 sending message 105 to peer 0x128028000 (8 bytes)
1662122934.668098 sending message 105 to peer 0x128028000 (32 bytes)
1662122934.668106 sending message 105 to peer 0x128028000 (12 bytes)
1662122934.668115 sending message 105 to peer 0x128028000 (37 bytes)
1662122934.668129 sending message 105 to peer 0x128028000 (89 bytes)
1662122934.668148 sending message 105 to peer 0x128028000 (119 bytes)
1662122934.668157 sending message 105 to peer 0x128028000 (12 bytes)
1662122934.668171 sending message 105 to peer 0x128028000 (42 bytes)
1662122934.668193 sending message 105 to peer 0x128028000 (33 bytes)
1662122934.668202 sending message 105 to peer 0x128028000 (64 bytes)
1662122934.668211 sending message 105 to peer 0x128028000 (46 bytes)
1662122934.668219 sending message 105 to peer 0x128028000 (22 bytes)
1662122934.668225 sending message 105 to peer 0x128028000 (46 bytes)
1662122934.668232 sending message 105 to peer 0x128028000 (26 bytes)
1662122934.668240 sending message 105 to peer 0x128028000 (68 bytes)
1662122934.668247 sending message 105 to peer 0x128028000 (73 bytes)
1662122934.668254 sending message 105 to peer 0x128028000 (69 bytes)
1662122934.668261 sending message 105 to peer 0x128028000 (25 bytes)
1662122934.668269 sending message 106 to peer 0x128028000 (0 bytes)
1662122934.668418 sending message 200 to peer 0x128028000 (4 bytes)
1662122934.668427 client loop enter
1662122934.668460 client_signal: Child exited: 20
1662122934.724150 peer 0x128028000 message 207
1662122934.724157 sending message 208 to peer 0x128028000 (0 bytes)
1662123037.715348 peer 0x128028000 message 203
1662123037.715357 sending message 205 to peer 0x128028000 (0 bytes)
1662123037.715487 peer 0x128028000 message 204
1662123037.715492 client loop exit
